{"C:\\Users\\Administrador\\Downloads\\app-movil2-main (1)\\app-movil2-main\\App.js": {"path":"C:\\Users\\Administrador\\Downloads\\app-movil2-main (1)\\app-movil2-main\\App.js","statementMap":{"0":{"start":{"line":8,"column":14},"end":{"line":8,"column":42}},"1":{"start":{"line":11,"column":2},"end":{"line":21,"column":4}}},"fnMap":{"0":{"name":"App","decl":{"start":{"line":10,"column":24},"end":{"line":10,"column":27}},"loc":{"start":{"line":10,"column":30},"end":{"line":22,"column":1}},"line":10}},"branchMap":{},"s":{"0":1,"1":1},"f":{"0":1},"b":{},"_coverageSchema":"1a1c01bbd47fc00a2c39e90264f33305004495a9","hash":"fc297de58566b647b0e6ff68c5ebd0c788f0f05a"}
,"C:\\Users\\Administrador\\Downloads\\app-movil2-main (1)\\app-movil2-main\\components\\external-link.tsx": {"path":"C:\\Users\\Administrador\\Downloads\\app-movil2-main (1)\\app-movil2-main\\components\\external-link.tsx","statementMap":{"0":{"start":{"line":8,"column":2},"end":{"line":24,"column":4}},"1":{"start":{"line":14,"column":8},"end":{"line":21,"column":9}},"2":{"start":{"line":16,"column":10},"end":{"line":16,"column":33}},"3":{"start":{"line":18,"column":10},"end":{"line":20,"column":13}}},"fnMap":{"0":{"name":"ExternalLink","decl":{"start":{"line":7,"column":16},"end":{"line":7,"column":28}},"loc":{"start":{"line":7,"column":55},"end":{"line":25,"column":1}},"line":7},"1":{"name":"(anonymous_1)","decl":{"start":{"line":13,"column":15},"end":{"line":13,"column":16}},"loc":{"start":{"line":13,"column":32},"end":{"line":22,"column":7}},"line":13}},"branchMap":{"0":{"loc":{"start":{"line":14,"column":8},"end":{"line":21,"column":9}},"type":"if","locations":[{"start":{"line":14,"column":8},"end":{"line":21,"column":9}},{"start":{},"end":{}}],"line":14}},"s":{"0":1,"1":1,"2":1,"3":1},"f":{"0":1,"1":1},"b":{"0":[1,0]},"_coverageSchema":"1a1c01bbd47fc00a2c39e90264f33305004495a9","hash":"11fe1d1e2faacc2c2d6e35e55626007dac917934"}
,"C:\\Users\\Administrador\\Downloads\\app-movil2-main (1)\\app-movil2-main\\components\\haptic-tab.tsx": {"path":"C:\\Users\\Administrador\\Downloads\\app-movil2-main (1)\\app-movil2-main\\components\\haptic-tab.tsx","statementMap":{"0":{"start":{"line":6,"column":2},"end":{"line":17,"column":4}},"1":{"start":{"line":10,"column":8},"end":{"line":13,"column":9}},"2":{"start":{"line":12,"column":10},"end":{"line":12,"column":65}},"3":{"start":{"line":14,"column":8},"end":{"line":14,"column":30}}},"fnMap":{"0":{"name":"HapticTab","decl":{"start":{"line":5,"column":16},"end":{"line":5,"column":25}},"loc":{"start":{"line":5,"column":58},"end":{"line":18,"column":1}},"line":5},"1":{"name":"(anonymous_1)","decl":{"start":{"line":9,"column":17},"end":{"line":9,"column":18}},"loc":{"start":{"line":9,"column":25},"end":{"line":15,"column":7}},"line":9}},"branchMap":{"0":{"loc":{"start":{"line":10,"column":8},"end":{"line":13,"column":9}},"type":"if","locations":[{"start":{"line":10,"column":8},"end":{"line":13,"column":9}},{"start":{},"end":{}}],"line":10}},"s":{"0":2,"1":2,"2":2,"3":2},"f":{"0":2,"1":2},"b":{"0":[2,0]},"_coverageSchema":"1a1c01bbd47fc00a2c39e90264f33305004495a9","hash":"46315eef031b4860b95cd24969235cff2f79515f"}
,"C:\\Users\\Administrador\\Downloads\\app-movil2-main (1)\\app-movil2-main\\components\\hello-wave.tsx": {"path":"C:\\Users\\Administrador\\Downloads\\app-movil2-main (1)\\app-movil2-main\\components\\hello-wave.tsx","statementMap":{"0":{"start":{"line":4,"column":2},"end":{"line":18,"column":4}}},"fnMap":{"0":{"name":"HelloWave","decl":{"start":{"line":3,"column":16},"end":{"line":3,"column":25}},"loc":{"start":{"line":3,"column":28},"end":{"line":19,"column":1}},"line":3}},"branchMap":{},"s":{"0":1},"f":{"0":1},"b":{},"_coverageSchema":"1a1c01bbd47fc00a2c39e90264f33305004495a9","hash":"718e8252447b58b81052810779f8bf421796c109"}
,"C:\\Users\\Administrador\\Downloads\\app-movil2-main (1)\\app-movil2-main\\components\\parallax-scroll-view.tsx": {"path":"C:\\Users\\Administrador\\Downloads\\app-movil2-main (1)\\app-movil2-main\\components\\parallax-scroll-view.tsx","statementMap":{"0":{"start":{"line":14,"column":22},"end":{"line":14,"column":25}},"1":{"start":{"line":26,"column":26},"end":{"line":26,"column":57}},"2":{"start":{"line":27,"column":22},"end":{"line":27,"column":49}},"3":{"start":{"line":28,"column":20},"end":{"line":28,"column":57}},"4":{"start":{"line":29,"column":23},"end":{"line":29,"column":49}},"5":{"start":{"line":30,"column":30},"end":{"line":45,"column":4}},"6":{"start":{"line":31,"column":4},"end":{"line":44,"column":6}},"7":{"start":{"line":47,"column":2},"end":{"line":62,"column":4}},"8":{"start":{"line":65,"column":15},"end":{"line":79,"column":2}}},"fnMap":{"0":{"name":"ParallaxScrollView","decl":{"start":{"line":21,"column":24},"end":{"line":21,"column":42}},"loc":{"start":{"line":25,"column":10},"end":{"line":63,"column":1}},"line":25},"1":{"name":"(anonymous_1)","decl":{"start":{"line":30,"column":47},"end":{"line":30,"column":48}},"loc":{"start":{"line":30,"column":53},"end":{"line":45,"column":3}},"line":30}},"branchMap":{"0":{"loc":{"start":{"line":27,"column":22},"end":{"line":27,"column":49}},"type":"binary-expr","locations":[{"start":{"line":27,"column":22},"end":{"line":27,"column":38}},{"start":{"line":27,"column":42},"end":{"line":27,"column":49}}],"line":27}},"s":{"0":1,"1":1,"2":1,"3":1,"4":1,"5":1,"6":0,"7":1,"8":1},"f":{"0":1,"1":0},"b":{"0":[1,0]},"_coverageSchema":"1a1c01bbd47fc00a2c39e90264f33305004495a9","hash":"6d761897bd5628b995cfa15c9ba3134ddf3c7857"}
,"C:\\Users\\Administrador\\Downloads\\app-movil2-main (1)\\app-movil2-main\\components\\themed-text.tsx": {"path":"C:\\Users\\Administrador\\Downloads\\app-movil2-main (1)\\app-movil2-main\\components\\themed-text.tsx","statementMap":{"0":{"start":{"line":18,"column":16},"end":{"line":18,"column":77}},"1":{"start":{"line":20,"column":2},"end":{"line":33,"column":4}},"2":{"start":{"line":36,"column":15},"end":{"line":60,"column":2}}},"fnMap":{"0":{"name":"ThemedText","decl":{"start":{"line":11,"column":16},"end":{"line":11,"column":26}},"loc":{"start":{"line":17,"column":20},"end":{"line":34,"column":1}},"line":17}},"branchMap":{"0":{"loc":{"start":{"line":15,"column":2},"end":{"line":15,"column":18}},"type":"default-arg","locations":[{"start":{"line":15,"column":9},"end":{"line":15,"column":18}}],"line":15},"1":{"loc":{"start":{"line":24,"column":8},"end":{"line":24,"column":55}},"type":"cond-expr","locations":[{"start":{"line":24,"column":29},"end":{"line":24,"column":43}},{"start":{"line":24,"column":46},"end":{"line":24,"column":55}}],"line":24},"2":{"loc":{"start":{"line":25,"column":8},"end":{"line":25,"column":51}},"type":"cond-expr","locations":[{"start":{"line":25,"column":27},"end":{"line":25,"column":39}},{"start":{"line":25,"column":42},"end":{"line":25,"column":51}}],"line":25},"3":{"loc":{"start":{"line":26,"column":8},"end":{"line":26,"column":71}},"type":"cond-expr","locations":[{"start":{"line":26,"column":37},"end":{"line":26,"column":59}},{"start":{"line":26,"column":62},"end":{"line":26,"column":71}}],"line":26},"4":{"loc":{"start":{"line":27,"column":8},"end":{"line":27,"column":57}},"type":"cond-expr","locations":[{"start":{"line":27,"column":30},"end":{"line":27,"column":45}},{"start":{"line":27,"column":48},"end":{"line":27,"column":57}}],"line":27},"5":{"loc":{"start":{"line":28,"column":8},"end":{"line":28,"column":49}},"type":"cond-expr","locations":[{"start":{"line":28,"column":26},"end":{"line":28,"column":37}},{"start":{"line":28,"column":40},"end":{"line":28,"column":49}}],"line":28}},"s":{"0":6,"1":6,"2":2},"f":{"0":6},"b":{"0":[2],"1":[2,4],"2":[0,6],"3":[3,3],"4":[0,6],"5":[1,5]},"_coverageSchema":"1a1c01bbd47fc00a2c39e90264f33305004495a9","hash":"572ef76dac9b8eea17441e27b4d06385906de488"}
,"C:\\Users\\Administrador\\Downloads\\app-movil2-main (1)\\app-movil2-main\\components\\themed-view.tsx": {"path":"C:\\Users\\Administrador\\Downloads\\app-movil2-main (1)\\app-movil2-main\\components\\themed-view.tsx","statementMap":{"0":{"start":{"line":11,"column":26},"end":{"line":11,"column":93}},"1":{"start":{"line":13,"column":2},"end":{"line":13,"column":71}}},"fnMap":{"0":{"name":"ThemedView","decl":{"start":{"line":10,"column":16},"end":{"line":10,"column":26}},"loc":{"start":{"line":10,"column":93},"end":{"line":14,"column":1}},"line":10}},"branchMap":{},"s":{"0":6,"1":6},"f":{"0":6},"b":{},"_coverageSchema":"1a1c01bbd47fc00a2c39e90264f33305004495a9","hash":"f83f93ecfa58c4641d8b281027b14fd8c7c54d2a"}
,"C:\\Users\\Administrador\\Downloads\\app-movil2-main (1)\\app-movil2-main\\components\\ui\\collapsible.tsx": {"path":"C:\\Users\\Administrador\\Downloads\\app-movil2-main (1)\\app-movil2-main\\components\\ui\\collapsible.tsx","statementMap":{"0":{"start":{"line":11,"column":30},"end":{"line":11,"column":45}},"1":{"start":{"line":12,"column":16},"end":{"line":12,"column":43}},"2":{"start":{"line":14,"column":2},"end":{"line":32,"column":4}},"3":{"start":{"line":18,"column":23},"end":{"line":18,"column":51}},"4":{"start":{"line":18,"column":44},"end":{"line":18,"column":50}},"5":{"start":{"line":35,"column":15},"end":{"line":45,"column":2}}},"fnMap":{"0":{"name":"Collapsible","decl":{"start":{"line":10,"column":16},"end":{"line":10,"column":27}},"loc":{"start":{"line":10,"column":88},"end":{"line":33,"column":1}},"line":10},"1":{"name":"(anonymous_1)","decl":{"start":{"line":18,"column":17},"end":{"line":18,"column":18}},"loc":{"start":{"line":18,"column":23},"end":{"line":18,"column":51}},"line":18},"2":{"name":"(anonymous_2)","decl":{"start":{"line":18,"column":33},"end":{"line":18,"column":34}},"loc":{"start":{"line":18,"column":44},"end":{"line":18,"column":50}},"line":18}},"branchMap":{"0":{"loc":{"start":{"line":12,"column":16},"end":{"line":12,"column":43}},"type":"binary-expr","locations":[{"start":{"line":12,"column":16},"end":{"line":12,"column":32}},{"start":{"line":12,"column":36},"end":{"line":12,"column":43}}],"line":12},"1":{"loc":{"start":{"line":24,"column":17},"end":{"line":24,"column":73}},"type":"cond-expr","locations":[{"start":{"line":24,"column":37},"end":{"line":24,"column":54}},{"start":{"line":24,"column":57},"end":{"line":24,"column":73}}],"line":24},"2":{"loc":{"start":{"line":25,"column":41},"end":{"line":25,"column":66}},"type":"cond-expr","locations":[{"start":{"line":25,"column":50},"end":{"line":25,"column":57}},{"start":{"line":25,"column":60},"end":{"line":25,"column":66}}],"line":25},"3":{"loc":{"start":{"line":30,"column":7},"end":{"line":30,"column":75}},"type":"binary-expr","locations":[{"start":{"line":30,"column":7},"end":{"line":30,"column":13}},{"start":{"line":30,"column":17},"end":{"line":30,"column":75}}],"line":30}},"s":{"0":3,"1":3,"2":3,"3":2,"4":2,"5":1},"f":{"0":3,"1":2,"2":2},"b":{"0":[3,0],"1":[3,0],"2":[1,2],"3":[3,1]},"_coverageSchema":"1a1c01bbd47fc00a2c39e90264f33305004495a9","hash":"5fad4b8289407fcad51a732678bd6d8b3d64c707"}
,"C:\\Users\\Administrador\\Downloads\\app-movil2-main (1)\\app-movil2-main\\components\\ui\\icon-symbol.ios.tsx": {"path":"C:\\Users\\Administrador\\Downloads\\app-movil2-main (1)\\app-movil2-main\\components\\ui\\icon-symbol.ios.tsx","statementMap":{"0":{"start":{"line":17,"column":2},"end":{"line":31,"column":4}}},"fnMap":{"0":{"name":"IconSymbol","decl":{"start":{"line":4,"column":16},"end":{"line":4,"column":26}},"loc":{"start":{"line":16,"column":3},"end":{"line":32,"column":1}},"line":16}},"branchMap":{"0":{"loc":{"start":{"line":6,"column":2},"end":{"line":6,"column":11}},"type":"default-arg","locations":[{"start":{"line":6,"column":9},"end":{"line":6,"column":11}}],"line":6},"1":{"loc":{"start":{"line":9,"column":2},"end":{"line":9,"column":20}},"type":"default-arg","locations":[{"start":{"line":9,"column":11},"end":{"line":9,"column":20}}],"line":9}},"s":{"0":1},"f":{"0":1},"b":{"0":[0],"1":[1]},"_coverageSchema":"1a1c01bbd47fc00a2c39e90264f33305004495a9","hash":"f063c06d91b4c0af90e2121691b3c3df5aa791b8"}
,"C:\\Users\\Administrador\\Downloads\\app-movil2-main (1)\\app-movil2-main\\components\\ui\\icon-symbol.tsx": {"path":"C:\\Users\\Administrador\\Downloads\\app-movil2-main (1)\\app-movil2-main\\components\\ui\\icon-symbol.tsx","statementMap":{"0":{"start":{"line":16,"column":16},"end":{"line":21,"column":16}},"1":{"start":{"line":40,"column":2},"end":{"line":40,"column":88}}},"fnMap":{"0":{"name":"IconSymbol","decl":{"start":{"line":28,"column":16},"end":{"line":28,"column":26}},"loc":{"start":{"line":39,"column":3},"end":{"line":41,"column":1}},"line":39}},"branchMap":{"0":{"loc":{"start":{"line":30,"column":2},"end":{"line":30,"column":11}},"type":"default-arg","locations":[{"start":{"line":30,"column":9},"end":{"line":30,"column":11}}],"line":30}},"s":{"0":0,"1":0},"f":{"0":0},"b":{"0":[0]}}
,"C:\\Users\\Administrador\\Downloads\\app-movil2-main (1)\\app-movil2-main\\constants\\theme.ts": {"path":"C:\\Users\\Administrador\\Downloads\\app-movil2-main (1)\\app-movil2-main\\constants\\theme.ts","statementMap":{"0":{"start":{"line":8,"column":23},"end":{"line":8,"column":32}},"1":{"start":{"line":9,"column":22},"end":{"line":9,"column":28}},"2":{"start":{"line":11,"column":22},"end":{"line":28,"column":1}},"3":{"start":{"line":30,"column":21},"end":{"line":53,"column":2}}},"fnMap":{},"branchMap":{},"s":{"0":2,"1":2,"2":2,"3":2},"f":{},"b":{},"_coverageSchema":"1a1c01bbd47fc00a2c39e90264f33305004495a9","hash":"607f2ae49b88dd5aa96d8f21c0c20524b3612aec"}
,"C:\\Users\\Administrador\\Downloads\\app-movil2-main (1)\\app-movil2-main\\hooks\\use-color-scheme.ts": {"path":"C:\\Users\\Administrador\\Downloads\\app-movil2-main (1)\\app-movil2-main\\hooks\\use-color-scheme.ts","statementMap":{},"fnMap":{},"branchMap":{},"s":{},"f":{},"b":{},"_coverageSchema":"1a1c01bbd47fc00a2c39e90264f33305004495a9","hash":"cf9f61cf2c147ff76918f63114785f7d504cda3d"}
,"C:\\Users\\Administrador\\Downloads\\app-movil2-main (1)\\app-movil2-main\\hooks\\use-color-scheme.web.ts": {"path":"C:\\Users\\Administrador\\Downloads\\app-movil2-main (1)\\app-movil2-main\\hooks\\use-color-scheme.web.ts","statementMap":{"0":{"start":{"line":8,"column":40},"end":{"line":8,"column":55}},"1":{"start":{"line":10,"column":2},"end":{"line":12,"column":9}},"2":{"start":{"line":11,"column":4},"end":{"line":11,"column":25}},"3":{"start":{"line":14,"column":22},"end":{"line":14,"column":40}},"4":{"start":{"line":16,"column":2},"end":{"line":18,"column":3}},"5":{"start":{"line":17,"column":4},"end":{"line":17,"column":23}},"6":{"start":{"line":20,"column":2},"end":{"line":20,"column":17}}},"fnMap":{"0":{"name":"useColorScheme","decl":{"start":{"line":7,"column":16},"end":{"line":7,"column":30}},"loc":{"start":{"line":7,"column":33},"end":{"line":21,"column":1}},"line":7},"1":{"name":"(anonymous_1)","decl":{"start":{"line":10,"column":12},"end":{"line":10,"column":13}},"loc":{"start":{"line":10,"column":18},"end":{"line":12,"column":3}},"line":10}},"branchMap":{"0":{"loc":{"start":{"line":16,"column":2},"end":{"line":18,"column":3}},"type":"if","locations":[{"start":{"line":16,"column":2},"end":{"line":18,"column":3}},{"start":{},"end":{}}],"line":16}},"s":{"0":0,"1":0,"2":0,"3":0,"4":0,"5":0,"6":0},"f":{"0":0,"1":0},"b":{"0":[0,0]}}
,"C:\\Users\\Administrador\\Downloads\\app-movil2-main (1)\\app-movil2-main\\hooks\\use-theme-color.ts": {"path":"C:\\Users\\Administrador\\Downloads\\app-movil2-main (1)\\app-movil2-main\\hooks\\use-theme-color.ts","statementMap":{"0":{"start":{"line":13,"column":16},"end":{"line":13,"column":43}},"1":{"start":{"line":14,"column":25},"end":{"line":14,"column":37}},"2":{"start":{"line":16,"column":2},"end":{"line":20,"column":3}},"3":{"start":{"line":17,"column":4},"end":{"line":17,"column":26}},"4":{"start":{"line":19,"column":4},"end":{"line":19,"column":36}}},"fnMap":{"0":{"name":"useThemeColor","decl":{"start":{"line":9,"column":16},"end":{"line":9,"column":29}},"loc":{"start":{"line":12,"column":2},"end":{"line":21,"column":1}},"line":12}},"branchMap":{"0":{"loc":{"start":{"line":13,"column":16},"end":{"line":13,"column":43}},"type":"binary-expr","locations":[{"start":{"line":13,"column":16},"end":{"line":13,"column":32}},{"start":{"line":13,"column":36},"end":{"line":13,"column":43}}],"line":13},"1":{"loc":{"start":{"line":16,"column":2},"end":{"line":20,"column":3}},"type":"if","locations":[{"start":{"line":16,"column":2},"end":{"line":20,"column":3}},{"start":{"line":18,"column":9},"end":{"line":20,"column":3}}],"line":16}},"s":{"0":10,"1":10,"2":10,"3":1,"4":9},"f":{"0":10},"b":{"0":[10,1],"1":[1,9]},"_coverageSchema":"1a1c01bbd47fc00a2c39e90264f33305004495a9","hash":"24926aefc1487b857e9526ed4871c4ede363bc7d"}
,"C:\\Users\\Administrador\\Downloads\\app-movil2-main (1)\\app-movil2-main\\screens\\HomeScreen.js": {"path":"C:\\Users\\Administrador\\Downloads\\app-movil2-main (1)\\app-movil2-main\\screens\\HomeScreen.js","statementMap":{"0":{"start":{"line":21,"column":0},"end":{"line":27,"column":3}},"1":{"start":{"line":22,"column":35},"end":{"line":26,"column":3}},"2":{"start":{"line":30,"column":30},"end":{"line":30,"column":42}},"3":{"start":{"line":31,"column":26},"end":{"line":31,"column":38}},"4":{"start":{"line":32,"column":38},"end":{"line":32,"column":50}},"5":{"start":{"line":33,"column":42},"end":{"line":33,"column":54}},"6":{"start":{"line":34,"column":32},"end":{"line":34,"column":47}},"7":{"start":{"line":35,"column":50},"end":{"line":35,"column":64}},"8":{"start":{"line":36,"column":36},"end":{"line":36,"column":64}},"9":{"start":{"line":38,"column":2},"end":{"line":41,"column":9}},"10":{"start":{"line":39,"column":4},"end":{"line":39,"column":20}},"11":{"start":{"line":40,"column":4},"end":{"line":40,"column":25}},"12":{"start":{"line":43,"column":24},"end":{"line":48,"column":3}},"13":{"start":{"line":44,"column":23},"end":{"line":44,"column":68}},"14":{"start":{"line":45,"column":4},"end":{"line":47,"column":5}},"15":{"start":{"line":46,"column":6},"end":{"line":46,"column":62}},"16":{"start":{"line":50,"column":29},"end":{"line":63,"column":3}},"17":{"start":{"line":51,"column":4},"end":{"line":62,"column":43}},"18":{"start":{"line":52,"column":6},"end":{"line":52,"column":32}},"19":{"start":{"line":53,"column":19},"end":{"line":53,"column":35}},"20":{"start":{"line":54,"column":6},"end":{"line":54,"column":24}},"21":{"start":{"line":54,"column":17},"end":{"line":54,"column":24}},"22":{"start":{"line":55,"column":28},"end":{"line":55,"column":95}},"23":{"start":{"line":56,"column":20},"end":{"line":56,"column":22}},"24":{"start":{"line":57,"column":6},"end":{"line":59,"column":9}},"25":{"start":{"line":58,"column":8},"end":{"line":58,"column":50}},"26":{"start":{"line":60,"column":6},"end":{"line":60,"column":29}},"27":{"start":{"line":61,"column":22},"end":{"line":61,"column":43}},"28":{"start":{"line":62,"column":14},"end":{"line":62,"column":41}},"29":{"start":{"line":65,"column":29},"end":{"line":114,"column":3}},"30":{"start":{"line":66,"column":4},"end":{"line":69,"column":5}},"31":{"start":{"line":67,"column":6},"end":{"line":67,"column":81}},"32":{"start":{"line":68,"column":6},"end":{"line":68,"column":13}},"33":{"start":{"line":71,"column":4},"end":{"line":71,"column":21}},"34":{"start":{"line":73,"column":4},"end":{"line":113,"column":5}},"35":{"start":{"line":74,"column":19},"end":{"line":74,"column":35}},"36":{"start":{"line":75,"column":6},"end":{"line":75,"column":59}},"37":{"start":{"line":75,"column":17},"end":{"line":75,"column":59}},"38":{"start":{"line":77,"column":25},"end":{"line":77,"column":74}},"39":{"start":{"line":78,"column":6},"end":{"line":78,"column":62}},"40":{"start":{"line":80,"column":6},"end":{"line":107,"column":7}},"41":{"start":{"line":81,"column":25},"end":{"line":86,"column":9}},"42":{"start":{"line":90,"column":8},"end":{"line":90,"column":68}},"43":{"start":{"line":92,"column":27},"end":{"line":92,"column":48}},"44":{"start":{"line":93,"column":8},"end":{"line":93,"column":76}},"45":{"start":{"line":93,"column":32},"end":{"line":93,"column":74}},"46":{"start":{"line":95,"column":8},"end":{"line":95,"column":22}},"47":{"start":{"line":96,"column":8},"end":{"line":96,"column":20}},"48":{"start":{"line":97,"column":8},"end":{"line":97,"column":26}},"49":{"start":{"line":98,"column":8},"end":{"line":98,"column":26}},"50":{"start":{"line":101,"column":8},"end":{"line":103,"column":73}},"51":{"start":{"line":102,"column":28},"end":{"line":102,"column":84}},"52":{"start":{"line":103,"column":24},"end":{"line":103,"column":71}},"53":{"start":{"line":106,"column":8},"end":{"line":106,"column":26}},"54":{"start":{"line":110,"column":6},"end":{"line":110,"column":24}},"55":{"start":{"line":111,"column":6},"end":{"line":111,"column":55}},"56":{"start":{"line":112,"column":6},"end":{"line":112,"column":68}},"57":{"start":{"line":116,"column":30},"end":{"line":125,"column":3}},"58":{"start":{"line":117,"column":4},"end":{"line":124,"column":7}},"59":{"start":{"line":120,"column":21},"end":{"line":120,"column":37}},"60":{"start":{"line":121,"column":8},"end":{"line":121,"column":69}},"61":{"start":{"line":121,"column":32},"end":{"line":121,"column":67}},"62":{"start":{"line":121,"column":52},"end":{"line":121,"column":66}},"63":{"start":{"line":122,"column":8},"end":{"line":122,"column":75}},"64":{"start":{"line":127,"column":32},"end":{"line":168,"column":3}},"65":{"start":{"line":128,"column":4},"end":{"line":167,"column":5}},"66":{"start":{"line":129,"column":31},"end":{"line":129,"column":61}},"67":{"start":{"line":130,"column":20},"end":{"line":130,"column":30}},"68":{"start":{"line":131,"column":28},"end":{"line":131,"column":38}},"69":{"start":{"line":133,"column":6},"end":{"line":133,"column":51}},"70":{"start":{"line":136,"column":6},"end":{"line":164,"column":7}},"71":{"start":{"line":137,"column":8},"end":{"line":137,"column":71}},"72":{"start":{"line":139,"column":8},"end":{"line":147,"column":11}},"73":{"start":{"line":151,"column":37},"end":{"line":151,"column":87}},"74":{"start":{"line":153,"column":8},"end":{"line":161,"column":11}},"75":{"start":{"line":163,"column":8},"end":{"line":163,"column":97}},"76":{"start":{"line":166,"column":6},"end":{"line":166,"column":49}},"77":{"start":{"line":170,"column":2},"end":{"line":246,"column":4}},"78":{"start":{"line":181,"column":41},"end":{"line":181,"column":68}},"79":{"start":{"line":190,"column":12},"end":{"line":192,"column":31}},"80":{"start":{"line":190,"column":119},"end":{"line":190,"column":136}},"81":{"start":{"line":225,"column":12},"end":{"line":241,"column":19}},"82":{"start":{"line":234,"column":75},"end":{"line":234,"column":121}},"83":{"start":{"line":237,"column":72},"end":{"line":237,"column":99}},"84":{"start":{"line":249,"column":15},"end":{"line":281,"column":2}}},"fnMap":{"0":{"name":"(anonymous_0)","decl":{"start":{"line":22,"column":22},"end":{"line":22,"column":23}},"loc":{"start":{"line":22,"column":35},"end":{"line":26,"column":3}},"line":22},"1":{"name":"HomeScreen","decl":{"start":{"line":29,"column":24},"end":{"line":29,"column":34}},"loc":{"start":{"line":29,"column":51},"end":{"line":247,"column":1}},"line":29},"2":{"name":"(anonymous_2)","decl":{"start":{"line":38,"column":12},"end":{"line":38,"column":13}},"loc":{"start":{"line":38,"column":18},"end":{"line":41,"column":3}},"line":38},"3":{"name":"(anonymous_3)","decl":{"start":{"line":43,"column":24},"end":{"line":43,"column":25}},"loc":{"start":{"line":43,"column":36},"end":{"line":48,"column":3}},"line":43},"4":{"name":"(anonymous_4)","decl":{"start":{"line":50,"column":29},"end":{"line":50,"column":30}},"loc":{"start":{"line":50,"column":41},"end":{"line":63,"column":3}},"line":50},"5":{"name":"(anonymous_5)","decl":{"start":{"line":57,"column":28},"end":{"line":57,"column":29}},"loc":{"start":{"line":57,"column":37},"end":{"line":59,"column":7}},"line":57},"6":{"name":"(anonymous_6)","decl":{"start":{"line":65,"column":29},"end":{"line":65,"column":30}},"loc":{"start":{"line":65,"column":41},"end":{"line":114,"column":3}},"line":65},"7":{"name":"(anonymous_7)","decl":{"start":{"line":93,"column":24},"end":{"line":93,"column":25}},"loc":{"start":{"line":93,"column":32},"end":{"line":93,"column":74}},"line":93},"8":{"name":"(anonymous_8)","decl":{"start":{"line":102,"column":16},"end":{"line":102,"column":17}},"loc":{"start":{"line":102,"column":28},"end":{"line":102,"column":84}},"line":102},"9":{"name":"(anonymous_9)","decl":{"start":{"line":103,"column":17},"end":{"line":103,"column":18}},"loc":{"start":{"line":103,"column":24},"end":{"line":103,"column":71}},"line":103},"10":{"name":"(anonymous_10)","decl":{"start":{"line":116,"column":30},"end":{"line":116,"column":31}},"loc":{"start":{"line":116,"column":38},"end":{"line":125,"column":3}},"line":116},"11":{"name":"(anonymous_11)","decl":{"start":{"line":119,"column":55},"end":{"line":119,"column":56}},"loc":{"start":{"line":119,"column":67},"end":{"line":123,"column":7}},"line":119},"12":{"name":"(anonymous_12)","decl":{"start":{"line":121,"column":24},"end":{"line":121,"column":25}},"loc":{"start":{"line":121,"column":32},"end":{"line":121,"column":67}},"line":121},"13":{"name":"(anonymous_13)","decl":{"start":{"line":121,"column":44},"end":{"line":121,"column":45}},"loc":{"start":{"line":121,"column":52},"end":{"line":121,"column":66}},"line":121},"14":{"name":"(anonymous_14)","decl":{"start":{"line":127,"column":32},"end":{"line":127,"column":33}},"loc":{"start":{"line":127,"column":62},"end":{"line":168,"column":3}},"line":127},"15":{"name":"(anonymous_15)","decl":{"start":{"line":181,"column":35},"end":{"line":181,"column":36}},"loc":{"start":{"line":181,"column":41},"end":{"line":181,"column":68}},"line":181},"16":{"name":"(anonymous_16)","decl":{"start":{"line":189,"column":63},"end":{"line":189,"column":64}},"loc":{"start":{"line":190,"column":12},"end":{"line":192,"column":31}},"line":190},"17":{"name":"(anonymous_17)","decl":{"start":{"line":190,"column":113},"end":{"line":190,"column":114}},"loc":{"start":{"line":190,"column":119},"end":{"line":190,"column":136}},"line":190},"18":{"name":"(anonymous_18)","decl":{"start":{"line":224,"column":27},"end":{"line":224,"column":28}},"loc":{"start":{"line":225,"column":12},"end":{"line":241,"column":19}},"line":225},"19":{"name":"(anonymous_19)","decl":{"start":{"line":234,"column":69},"end":{"line":234,"column":70}},"loc":{"start":{"line":234,"column":75},"end":{"line":234,"column":121}},"line":234},"20":{"name":"(anonymous_20)","decl":{"start":{"line":237,"column":66},"end":{"line":237,"column":67}},"loc":{"start":{"line":237,"column":72},"end":{"line":237,"column":99}},"line":237}},"branchMap":{"0":{"loc":{"start":{"line":45,"column":4},"end":{"line":47,"column":5}},"type":"if","locations":[{"start":{"line":45,"column":4},"end":{"line":47,"column":5}},{"start":{},"end":{}}],"line":45},"1":{"loc":{"start":{"line":54,"column":6},"end":{"line":54,"column":24}},"type":"if","locations":[{"start":{"line":54,"column":6},"end":{"line":54,"column":24}},{"start":{},"end":{}}],"line":54},"2":{"loc":{"start":{"line":66,"column":4},"end":{"line":69,"column":5}},"type":"if","locations":[{"start":{"line":66,"column":4},"end":{"line":69,"column":5}},{"start":{},"end":{}}],"line":66},"3":{"loc":{"start":{"line":66,"column":8},"end":{"line":66,"column":60}},"type":"binary-expr","locations":[{"start":{"line":66,"column":8},"end":{"line":66,"column":22}},{"start":{"line":66,"column":26},"end":{"line":66,"column":38}},{"start":{"line":66,"column":42},"end":{"line":66,"column":60}}],"line":66},"4":{"loc":{"start":{"line":75,"column":6},"end":{"line":75,"column":59}},"type":"if","locations":[{"start":{"line":75,"column":6},"end":{"line":75,"column":59}},{"start":{},"end":{}}],"line":75},"5":{"loc":{"start":{"line":80,"column":6},"end":{"line":107,"column":7}},"type":"if","locations":[{"start":{"line":80,"column":6},"end":{"line":107,"column":7}},{"start":{"line":105,"column":13},"end":{"line":107,"column":7}}],"line":80},"6":{"loc":{"start":{"line":136,"column":6},"end":{"line":164,"column":7}},"type":"if","locations":[{"start":{"line":136,"column":6},"end":{"line":164,"column":7}},{"start":{"line":150,"column":11},"end":{"line":164,"column":7}}],"line":136},"7":{"loc":{"start":{"line":190,"column":64},"end":{"line":190,"column":101}},"type":"binary-expr","locations":[{"start":{"line":190,"column":64},"end":{"line":190,"column":81}},{"start":{"line":190,"column":85},"end":{"line":190,"column":101}}],"line":190},"8":{"loc":{"start":{"line":191,"column":44},"end":{"line":191,"column":85}},"type":"binary-expr","locations":[{"start":{"line":191,"column":44},"end":{"line":191,"column":61}},{"start":{"line":191,"column":65},"end":{"line":191,"column":85}}],"line":191},"9":{"loc":{"start":{"line":211,"column":54},"end":{"line":211,"column":81}},"type":"binary-expr","locations":[{"start":{"line":211,"column":54},"end":{"line":211,"column":61}},{"start":{"line":211,"column":65},"end":{"line":211,"column":81}}],"line":211},"10":{"loc":{"start":{"line":212,"column":13},"end":{"line":217,"column":13}},"type":"cond-expr","locations":[{"start":{"line":212,"column":23},"end":{"line":212,"column":57}},{"start":{"line":213,"column":14},"end":{"line":216,"column":21}}],"line":212},"11":{"loc":{"start":{"line":223,"column":9},"end":{"line":243,"column":9}},"type":"cond-expr","locations":[{"start":{"line":223,"column":28},"end":{"line":223,"column":78}},{"start":{"line":224,"column":10},"end":{"line":242,"column":12}}],"line":223}},"s":{"0":1,"1":0,"2":14,"3":14,"4":14,"5":14,"6":14,"7":14,"8":14,"9":14,"10":3,"11":3,"12":14,"13":3,"14":3,"15":0,"16":14,"17":3,"18":3,"19":3,"20":3,"21":0,"22":3,"23":3,"24":3,"25":3,"26":3,"27":0,"28":3,"29":14,"30":3,"31":1,"32":1,"33":2,"34":2,"35":2,"36":2,"37":0,"38":2,"39":2,"40":2,"41":1,"42":1,"43":1,"44":1,"45":1,"46":1,"47":1,"48":1,"49":1,"50":1,"51":1,"52":0,"53":1,"54":0,"55":0,"56":0,"57":14,"58":0,"59":0,"60":0,"61":0,"62":0,"63":0,"64":14,"65":1,"66":1,"67":1,"68":1,"69":1,"70":1,"71":0,"72":0,"73":1,"74":1,"75":1,"76":0,"77":14,"78":0,"79":42,"80":0,"81":4,"82":0,"83":0,"84":1},"f":{"0":0,"1":14,"2":3,"3":3,"4":3,"5":3,"6":3,"7":1,"8":1,"9":0,"10":0,"11":0,"12":0,"13":0,"14":1,"15":0,"16":42,"17":0,"18":4,"19":0,"20":0},"b":{"0":[0,3],"1":[0,3],"2":[1,2],"3":[3,2,2],"4":[0,2],"5":[1,1],"6":[0,1],"7":[42,14],"8":[42,14],"9":[14,2],"10":[2,12],"11":[11,3]},"_coverageSchema":"1a1c01bbd47fc00a2c39e90264f33305004495a9","hash":"1691d52e33ad10127b77704e811818c6ff66f24b"}
,"C:\\Users\\Administrador\\Downloads\\app-movil2-main (1)\\app-movil2-main\\screens\\LoginScreen.js": {"path":"C:\\Users\\Administrador\\Downloads\\app-movil2-main (1)\\app-movil2-main\\screens\\LoginScreen.js","statementMap":{"0":{"start":{"line":10,"column":30},"end":{"line":10,"column":42}},"1":{"start":{"line":11,"column":34},"end":{"line":11,"column":46}},"2":{"start":{"line":13,"column":22},"end":{"line":49,"column":3}},"3":{"start":{"line":16,"column":4},"end":{"line":19,"column":5}},"4":{"start":{"line":17,"column":6},"end":{"line":17,"column":56}},"5":{"start":{"line":18,"column":6},"end":{"line":18,"column":13}},"6":{"start":{"line":21,"column":4},"end":{"line":48,"column":5}},"7":{"start":{"line":23,"column":29},"end":{"line":27,"column":7}},"8":{"start":{"line":29,"column":6},"end":{"line":29,"column":60}},"9":{"start":{"line":32,"column":6},"end":{"line":32,"column":34}},"10":{"start":{"line":36,"column":18},"end":{"line":36,"column":23}},"11":{"start":{"line":38,"column":6},"end":{"line":46,"column":7}},"12":{"start":{"line":39,"column":8},"end":{"line":39,"column":50}},"13":{"start":{"line":40,"column":13},"end":{"line":46,"column":7}},"14":{"start":{"line":41,"column":8},"end":{"line":41,"column":54}},"15":{"start":{"line":42,"column":13},"end":{"line":46,"column":7}},"16":{"start":{"line":43,"column":8},"end":{"line":43,"column":48}},"17":{"start":{"line":45,"column":8},"end":{"line":45,"column":42}},"18":{"start":{"line":51,"column":2},"end":{"line":95,"column":4}},"19":{"start":{"line":86,"column":27},"end":{"line":86,"column":58}},"20":{"start":{"line":98,"column":15},"end":{"line":164,"column":2}}},"fnMap":{"0":{"name":"LoginScreen","decl":{"start":{"line":8,"column":24},"end":{"line":8,"column":35}},"loc":{"start":{"line":8,"column":52},"end":{"line":96,"column":1}},"line":8},"1":{"name":"(anonymous_1)","decl":{"start":{"line":13,"column":22},"end":{"line":13,"column":23}},"loc":{"start":{"line":13,"column":34},"end":{"line":49,"column":3}},"line":13},"2":{"name":"(anonymous_2)","decl":{"start":{"line":86,"column":21},"end":{"line":86,"column":22}},"loc":{"start":{"line":86,"column":27},"end":{"line":86,"column":58}},"line":86}},"branchMap":{"0":{"loc":{"start":{"line":16,"column":4},"end":{"line":19,"column":5}},"type":"if","locations":[{"start":{"line":16,"column":4},"end":{"line":19,"column":5}},{"start":{},"end":{}}],"line":16},"1":{"loc":{"start":{"line":16,"column":8},"end":{"line":16,"column":40}},"type":"binary-expr","locations":[{"start":{"line":16,"column":8},"end":{"line":16,"column":21}},{"start":{"line":16,"column":25},"end":{"line":16,"column":40}}],"line":16},"2":{"loc":{"start":{"line":38,"column":6},"end":{"line":46,"column":7}},"type":"if","locations":[{"start":{"line":38,"column":6},"end":{"line":46,"column":7}},{"start":{"line":40,"column":13},"end":{"line":46,"column":7}}],"line":38},"3":{"loc":{"start":{"line":40,"column":13},"end":{"line":46,"column":7}},"type":"if","locations":[{"start":{"line":40,"column":13},"end":{"line":46,"column":7}},{"start":{"line":42,"column":13},"end":{"line":46,"column":7}}],"line":40},"4":{"loc":{"start":{"line":42,"column":13},"end":{"line":46,"column":7}},"type":"if","locations":[{"start":{"line":42,"column":13},"end":{"line":46,"column":7}},{"start":{"line":44,"column":13},"end":{"line":46,"column":7}}],"line":42}},"s":{"0":7,"1":7,"2":7,"3":3,"4":1,"5":1,"6":2,"7":2,"8":1,"9":1,"10":1,"11":1,"12":0,"13":1,"14":1,"15":0,"16":0,"17":0,"18":7,"19":0,"20":1},"f":{"0":7,"1":3,"2":0},"b":{"0":[1,2],"1":[3,2],"2":[0,1],"3":[1,0],"4":[0,0]},"_coverageSchema":"1a1c01bbd47fc00a2c39e90264f33305004495a9","hash":"8a1feb25b7339a50a4307153a18ad8b8fbad91dd"}
,"C:\\Users\\Administrador\\Downloads\\app-movil2-main (1)\\app-movil2-main\\screens\\RegisterScreen.js": {"path":"C:\\Users\\Administrador\\Downloads\\app-movil2-main (1)\\app-movil2-main\\screens\\RegisterScreen.js","statementMap":{"0":{"start":{"line":20,"column":30},"end":{"line":20,"column":42}},"1":{"start":{"line":21,"column":30},"end":{"line":21,"column":42}},"2":{"start":{"line":22,"column":34},"end":{"line":22,"column":46}},"3":{"start":{"line":23,"column":40},"end":{"line":23,"column":60}},"4":{"start":{"line":25,"column":25},"end":{"line":60,"column":3}},"5":{"start":{"line":26,"column":4},"end":{"line":26,"column":37}},"6":{"start":{"line":28,"column":4},"end":{"line":31,"column":5}},"7":{"start":{"line":29,"column":6},"end":{"line":29,"column":64}},"8":{"start":{"line":30,"column":6},"end":{"line":30,"column":13}},"9":{"start":{"line":33,"column":4},"end":{"line":59,"column":5}},"10":{"start":{"line":34,"column":29},"end":{"line":38,"column":7}},"11":{"start":{"line":41,"column":6},"end":{"line":43,"column":9}},"12":{"start":{"line":45,"column":6},"end":{"line":45,"column":58}},"13":{"start":{"line":46,"column":6},"end":{"line":46,"column":35}},"14":{"start":{"line":49,"column":18},"end":{"line":49,"column":23}},"15":{"start":{"line":50,"column":6},"end":{"line":58,"column":7}},"16":{"start":{"line":51,"column":8},"end":{"line":51,"column":61}},"17":{"start":{"line":52,"column":13},"end":{"line":58,"column":7}},"18":{"start":{"line":53,"column":8},"end":{"line":53,"column":48}},"19":{"start":{"line":54,"column":13},"end":{"line":58,"column":7}},"20":{"start":{"line":55,"column":8},"end":{"line":55,"column":79}},"21":{"start":{"line":57,"column":8},"end":{"line":57,"column":42}},"22":{"start":{"line":62,"column":2},"end":{"line":141,"column":4}},"23":{"start":{"line":79,"column":12},"end":{"line":92,"column":31}},"24":{"start":{"line":82,"column":29},"end":{"line":82,"column":52}},"25":{"start":{"line":133,"column":41},"end":{"line":133,"column":69}},"26":{"start":{"line":144,"column":15},"end":{"line":258,"column":2}}},"fnMap":{"0":{"name":"RegisterScreen","decl":{"start":{"line":19,"column":24},"end":{"line":19,"column":38}},"loc":{"start":{"line":19,"column":55},"end":{"line":142,"column":1}},"line":19},"1":{"name":"(anonymous_1)","decl":{"start":{"line":25,"column":25},"end":{"line":25,"column":26}},"loc":{"start":{"line":25,"column":37},"end":{"line":60,"column":3}},"line":25},"2":{"name":"(anonymous_2)","decl":{"start":{"line":78,"column":16},"end":{"line":78,"column":17}},"loc":{"start":{"line":79,"column":12},"end":{"line":92,"column":31}},"line":79},"3":{"name":"(anonymous_3)","decl":{"start":{"line":82,"column":23},"end":{"line":82,"column":24}},"loc":{"start":{"line":82,"column":29},"end":{"line":82,"column":52}},"line":82},"4":{"name":"(anonymous_4)","decl":{"start":{"line":133,"column":35},"end":{"line":133,"column":36}},"loc":{"start":{"line":133,"column":41},"end":{"line":133,"column":69}},"line":133}},"branchMap":{"0":{"loc":{"start":{"line":28,"column":4},"end":{"line":31,"column":5}},"type":"if","locations":[{"start":{"line":28,"column":4},"end":{"line":31,"column":5}},{"start":{},"end":{}}],"line":28},"1":{"loc":{"start":{"line":28,"column":8},"end":{"line":28,"column":57}},"type":"binary-expr","locations":[{"start":{"line":28,"column":8},"end":{"line":28,"column":21}},{"start":{"line":28,"column":25},"end":{"line":28,"column":38}},{"start":{"line":28,"column":42},"end":{"line":28,"column":57}}],"line":28},"2":{"loc":{"start":{"line":50,"column":6},"end":{"line":58,"column":7}},"type":"if","locations":[{"start":{"line":50,"column":6},"end":{"line":58,"column":7}},{"start":{"line":52,"column":13},"end":{"line":58,"column":7}}],"line":50},"3":{"loc":{"start":{"line":52,"column":13},"end":{"line":58,"column":7}},"type":"if","locations":[{"start":{"line":52,"column":13},"end":{"line":58,"column":7}},{"start":{"line":54,"column":13},"end":{"line":58,"column":7}}],"line":52},"4":{"loc":{"start":{"line":54,"column":13},"end":{"line":58,"column":7}},"type":"if","locations":[{"start":{"line":54,"column":13},"end":{"line":58,"column":7}},{"start":{"line":56,"column":13},"end":{"line":58,"column":7}}],"line":54},"5":{"loc":{"start":{"line":65,"column":16},"end":{"line":65,"column":60}},"type":"cond-expr","locations":[{"start":{"line":65,"column":40},"end":{"line":65,"column":49}},{"start":{"line":65,"column":52},"end":{"line":65,"column":60}}],"line":65},"6":{"loc":{"start":{"line":81,"column":39},"end":{"line":81,"column":83}},"type":"binary-expr","locations":[{"start":{"line":81,"column":39},"end":{"line":81,"column":62}},{"start":{"line":81,"column":66},"end":{"line":81,"column":83}}],"line":81},"7":{"loc":{"start":{"line":85,"column":17},"end":{"line":85,"column":78}},"type":"binary-expr","locations":[{"start":{"line":85,"column":17},"end":{"line":85,"column":40}},{"start":{"line":85,"column":44},"end":{"line":85,"column":78}}],"line":85}},"s":{"0":9,"1":9,"2":9,"3":9,"4":9,"5":3,"6":3,"7":1,"8":1,"9":2,"10":2,"11":1,"12":1,"13":1,"14":1,"15":1,"16":1,"17":0,"18":0,"19":0,"20":0,"21":0,"22":9,"23":27,"24":0,"25":0,"26":1},"f":{"0":9,"1":3,"2":27,"3":0,"4":0},"b":{"0":[1,2],"1":[3,2,2],"2":[1,0],"3":[0,0],"4":[0,0],"5":[9,0],"6":[27,9],"7":[27,9]},"_coverageSchema":"1a1c01bbd47fc00a2c39e90264f33305004495a9","hash":"bf78cbb15c74159e99224472fda9ed2a6b8cf929"}
,"C:\\Users\\Administrador\\Downloads\\app-movil2-main (1)\\app-movil2-main\\src\\services\\apiService.js": {"path":"C:\\Users\\Administrador\\Downloads\\app-movil2-main (1)\\app-movil2-main\\src\\services\\apiService.js","statementMap":{"0":{"start":{"line":1,"column":17},"end":{"line":1,"column":61}},"1":{"start":{"line":3,"column":39},"end":{"line":20,"column":1}},"2":{"start":{"line":4,"column":4},"end":{"line":19,"column":5}},"3":{"start":{"line":5,"column":25},"end":{"line":14,"column":10}},"4":{"start":{"line":15,"column":8},"end":{"line":15,"column":37}},"5":{"start":{"line":17,"column":8},"end":{"line":17,"column":66}},"6":{"start":{"line":18,"column":8},"end":{"line":18,"column":92}}},"fnMap":{"0":{"name":"(anonymous_0)","decl":{"start":{"line":3,"column":39},"end":{"line":3,"column":40}},"loc":{"start":{"line":3,"column":69},"end":{"line":20,"column":1}},"line":3}},"branchMap":{},"s":{"0":1,"1":1,"2":3,"3":3,"4":2,"5":1,"6":1},"f":{"0":3},"b":{},"_coverageSchema":"1a1c01bbd47fc00a2c39e90264f33305004495a9","hash":"42b7e37de265fda0df198677818068cc1792b58b"}
,"C:\\Users\\Administrador\\Downloads\\app-movil2-main (1)\\app-movil2-main\\src\\services\\firebase.js": {"path":"C:\\Users\\Administrador\\Downloads\\app-movil2-main (1)\\app-movil2-main\\src\\services\\firebase.js","statementMap":{"0":{"start":{"line":7,"column":23},"end":{"line":14,"column":1}},"1":{"start":{"line":17,"column":12},"end":{"line":17,"column":41}},"2":{"start":{"line":20,"column":20},"end":{"line":20,"column":32}},"3":{"start":{"line":21,"column":18},"end":{"line":21,"column":50}}},"fnMap":{},"branchMap":{},"s":{"0":1,"1":1,"2":1,"3":1},"f":{},"b":{},"_coverageSchema":"1a1c01bbd47fc00a2c39e90264f33305004495a9","hash":"82aee8d96a3e6d829e57451b6e9d31b849ee57da"}
}
