TN:
SF:App.js
FN:10,App
FNF:1
FNH:1
FNDA:1,App
DA:8,1
DA:11,1
LF:2
LH:2
BRF:0
BRH:0
end_of_record
TN:
SF:components\external-link.tsx
FN:7,ExternalLink
FN:13,(anonymous_1)
FNF:2
FNH:2
FNDA:1,ExternalLink
FNDA:1,(anonymous_1)
DA:8,1
DA:14,1
DA:16,1
DA:18,1
LF:4
LH:4
BRDA:14,0,0,1
BRDA:14,0,1,0
BRF:2
BRH:1
end_of_record
TN:
SF:components\haptic-tab.tsx
FN:5,HapticTab
FN:9,(anonymous_1)
FNF:2
FNH:2
FNDA:2,HapticTab
FNDA:2,(anonymous_1)
DA:6,2
DA:10,2
DA:12,2
DA:14,2
LF:4
LH:4
BRDA:10,0,0,2
BRDA:10,0,1,0
BRF:2
BRH:1
end_of_record
TN:
SF:components\hello-wave.tsx
FN:3,HelloWave
FNF:1
FNH:1
FNDA:1,HelloWave
DA:4,1
LF:1
LH:1
BRF:0
BRH:0
end_of_record
TN:
SF:components\parallax-scroll-view.tsx
FN:21,ParallaxScrollView
FN:30,(anonymous_1)
FNF:2
FNH:1
FNDA:1,ParallaxScrollView
FNDA:0,(anonymous_1)
DA:14,1
DA:26,1
DA:27,1
DA:28,1
DA:29,1
DA:30,1
DA:31,0
DA:47,1
DA:65,1
LF:9
LH:8
BRDA:27,0,0,1
BRDA:27,0,1,0
BRF:2
BRH:1
end_of_record
TN:
SF:components\themed-text.tsx
FN:11,ThemedText
FNF:1
FNH:1
FNDA:6,ThemedText
DA:18,6
DA:20,6
DA:36,2
LF:3
LH:3
BRDA:15,0,0,2
BRDA:24,1,0,2
BRDA:24,1,1,4
BRDA:25,2,0,0
BRDA:25,2,1,6
BRDA:26,3,0,3
BRDA:26,3,1,3
BRDA:27,4,0,0
BRDA:27,4,1,6
BRDA:28,5,0,1
BRDA:28,5,1,5
BRF:11
BRH:9
end_of_record
TN:
SF:components\themed-view.tsx
FN:10,ThemedView
FNF:1
FNH:1
FNDA:6,ThemedView
DA:11,6
DA:13,6
LF:2
LH:2
BRF:0
BRH:0
end_of_record
TN:
SF:components\ui\collapsible.tsx
FN:10,Collapsible
FN:18,(anonymous_1)
FN:18,(anonymous_2)
FNF:3
FNH:3
FNDA:3,Collapsible
FNDA:2,(anonymous_1)
FNDA:2,(anonymous_2)
DA:11,3
DA:12,3
DA:14,3
DA:18,2
DA:35,1
LF:5
LH:5
BRDA:12,0,0,3
BRDA:12,0,1,0
BRDA:24,1,0,3
BRDA:24,1,1,0
BRDA:25,2,0,1
BRDA:25,2,1,2
BRDA:30,3,0,3
BRDA:30,3,1,1
BRF:8
BRH:6
end_of_record
TN:
SF:components\ui\icon-symbol.ios.tsx
FN:4,IconSymbol
FNF:1
FNH:1
FNDA:1,IconSymbol
DA:17,1
LF:1
LH:1
BRDA:6,0,0,0
BRDA:9,1,0,1
BRF:2
BRH:1
end_of_record
TN:
SF:components\ui\icon-symbol.tsx
FN:28,IconSymbol
FNF:1
FNH:0
FNDA:0,IconSymbol
DA:16,0
DA:40,0
LF:2
LH:0
BRDA:30,0,0,0
BRF:1
BRH:0
end_of_record
TN:
SF:constants\theme.ts
FNF:0
FNH:0
DA:8,2
DA:9,2
DA:11,2
DA:30,2
LF:4
LH:4
BRF:0
BRH:0
end_of_record
TN:
SF:hooks\use-color-scheme.ts
FNF:0
FNH:0
LF:0
LH:0
BRF:0
BRH:0
end_of_record
TN:
SF:hooks\use-color-scheme.web.ts
FN:7,useColorScheme
FN:10,(anonymous_1)
FNF:2
FNH:0
FNDA:0,useColorScheme
FNDA:0,(anonymous_1)
DA:8,0
DA:10,0
DA:11,0
DA:14,0
DA:16,0
DA:17,0
DA:20,0
LF:7
LH:0
BRDA:16,0,0,0
BRDA:16,0,1,0
BRF:2
BRH:0
end_of_record
TN:
SF:hooks\use-theme-color.ts
FN:9,useThemeColor
FNF:1
FNH:1
FNDA:10,useThemeColor
DA:13,10
DA:14,10
DA:16,10
DA:17,1
DA:19,9
LF:5
LH:5
BRDA:13,0,0,10
BRDA:13,0,1,1
BRDA:16,1,0,1
BRDA:16,1,1,9
BRF:4
BRH:4
end_of_record
TN:
SF:screens\HomeScreen.js
FN:22,(anonymous_0)
FN:29,HomeScreen
FN:38,(anonymous_2)
FN:43,(anonymous_3)
FN:50,(anonymous_4)
FN:57,(anonymous_5)
FN:65,(anonymous_6)
FN:93,(anonymous_7)
FN:102,(anonymous_8)
FN:103,(anonymous_9)
FN:116,(anonymous_10)
FN:119,(anonymous_11)
FN:121,(anonymous_12)
FN:121,(anonymous_13)
FN:127,(anonymous_14)
FN:181,(anonymous_15)
FN:189,(anonymous_16)
FN:190,(anonymous_17)
FN:224,(anonymous_18)
FN:234,(anonymous_19)
FN:237,(anonymous_20)
FNF:21
FNH:11
FNDA:0,(anonymous_0)
FNDA:14,HomeScreen
FNDA:3,(anonymous_2)
FNDA:3,(anonymous_3)
FNDA:3,(anonymous_4)
FNDA:3,(anonymous_5)
FNDA:3,(anonymous_6)
FNDA:1,(anonymous_7)
FNDA:1,(anonymous_8)
FNDA:0,(anonymous_9)
FNDA:0,(anonymous_10)
FNDA:0,(anonymous_11)
FNDA:0,(anonymous_12)
FNDA:0,(anonymous_13)
FNDA:1,(anonymous_14)
FNDA:0,(anonymous_15)
FNDA:42,(anonymous_16)
FNDA:0,(anonymous_17)
FNDA:4,(anonymous_18)
FNDA:0,(anonymous_19)
FNDA:0,(anonymous_20)
DA:21,1
DA:22,0
DA:30,14
DA:31,14
DA:32,14
DA:33,14
DA:34,14
DA:35,14
DA:36,14
DA:38,14
DA:39,3
DA:40,3
DA:43,14
DA:44,3
DA:45,3
DA:46,0
DA:50,14
DA:51,3
DA:52,3
DA:53,3
DA:54,3
DA:55,3
DA:56,3
DA:57,3
DA:58,3
DA:60,3
DA:61,0
DA:62,3
DA:65,14
DA:66,3
DA:67,1
DA:68,1
DA:71,2
DA:73,2
DA:74,2
DA:75,2
DA:77,2
DA:78,2
DA:80,2
DA:81,1
DA:90,1
DA:92,1
DA:93,1
DA:95,1
DA:96,1
DA:97,1
DA:98,1
DA:101,1
DA:102,1
DA:103,0
DA:106,1
DA:110,0
DA:111,0
DA:112,0
DA:116,14
DA:117,0
DA:120,0
DA:121,0
DA:122,0
DA:127,14
DA:128,1
DA:129,1
DA:130,1
DA:131,1
DA:133,1
DA:136,1
DA:137,0
DA:139,0
DA:151,1
DA:153,1
DA:163,1
DA:166,0
DA:170,14
DA:181,0
DA:190,42
DA:225,4
DA:234,0
DA:237,0
DA:249,1
LF:79
LH:62
BRDA:45,0,0,0
BRDA:45,0,1,3
BRDA:54,1,0,0
BRDA:54,1,1,3
BRDA:66,2,0,1
BRDA:66,2,1,2
BRDA:66,3,0,3
BRDA:66,3,1,2
BRDA:66,3,2,2
BRDA:75,4,0,0
BRDA:75,4,1,2
BRDA:80,5,0,1
BRDA:80,5,1,1
BRDA:136,6,0,0
BRDA:136,6,1,1
BRDA:190,7,0,42
BRDA:190,7,1,14
BRDA:191,8,0,42
BRDA:191,8,1,14
BRDA:211,9,0,14
BRDA:211,9,1,2
BRDA:212,10,0,2
BRDA:212,10,1,12
BRDA:223,11,0,11
BRDA:223,11,1,3
BRF:25
BRH:21
end_of_record
TN:
SF:screens\LoginScreen.js
FN:8,LoginScreen
FN:13,(anonymous_1)
FN:86,(anonymous_2)
FNF:3
FNH:2
FNDA:7,LoginScreen
FNDA:3,(anonymous_1)
FNDA:0,(anonymous_2)
DA:10,7
DA:11,7
DA:13,7
DA:16,3
DA:17,1
DA:18,1
DA:21,2
DA:23,2
DA:29,1
DA:32,1
DA:36,1
DA:38,1
DA:39,0
DA:40,1
DA:41,1
DA:42,0
DA:43,0
DA:45,0
DA:51,7
DA:86,0
DA:98,1
LF:21
LH:16
BRDA:16,0,0,1
BRDA:16,0,1,2
BRDA:16,1,0,3
BRDA:16,1,1,2
BRDA:38,2,0,0
BRDA:38,2,1,1
BRDA:40,3,0,1
BRDA:40,3,1,0
BRDA:42,4,0,0
BRDA:42,4,1,0
BRF:10
BRH:6
end_of_record
TN:
SF:screens\RegisterScreen.js
FN:19,RegisterScreen
FN:25,(anonymous_1)
FN:78,(anonymous_2)
FN:82,(anonymous_3)
FN:133,(anonymous_4)
FNF:5
FNH:3
FNDA:9,RegisterScreen
FNDA:3,(anonymous_1)
FNDA:27,(anonymous_2)
FNDA:0,(anonymous_3)
FNDA:0,(anonymous_4)
DA:20,9
DA:21,9
DA:22,9
DA:23,9
DA:25,9
DA:26,3
DA:28,3
DA:29,1
DA:30,1
DA:33,2
DA:34,2
DA:41,1
DA:45,1
DA:46,1
DA:49,1
DA:50,1
DA:51,1
DA:52,0
DA:53,0
DA:54,0
DA:55,0
DA:57,0
DA:62,9
DA:79,27
DA:82,0
DA:133,0
DA:144,1
LF:27
LH:20
BRDA:28,0,0,1
BRDA:28,0,1,2
BRDA:28,1,0,3
BRDA:28,1,1,2
BRDA:28,1,2,2
BRDA:50,2,0,1
BRDA:50,2,1,0
BRDA:52,3,0,0
BRDA:52,3,1,0
BRDA:54,4,0,0
BRDA:54,4,1,0
BRDA:65,5,0,9
BRDA:65,5,1,0
BRDA:81,6,0,27
BRDA:81,6,1,9
BRDA:85,7,0,27
BRDA:85,7,1,9
BRF:17
BRH:11
end_of_record
TN:
SF:src\services\apiService.js
FN:3,(anonymous_0)
FNF:1
FNH:1
FNDA:3,(anonymous_0)
DA:1,1
DA:3,1
DA:4,3
DA:5,3
DA:15,2
DA:17,1
DA:18,1
LF:7
LH:7
BRF:0
BRH:0
end_of_record
TN:
SF:src\services\firebase.js
FNF:0
FNH:0
DA:7,1
DA:17,1
DA:20,1
DA:21,1
LF:4
LH:4
BRF:0
BRH:0
end_of_record
